{"level":"info","message":"PostgreSQL database connected successfully.","timestamp":"2026-07-12T20:27:11.648Z"}
{"level":"info","message":"🚀 Inventory Management System running on port 3000 [development]","timestamp":"2026-07-12T20:27:11.652Z"}
{"level":"info","message":"📖 API: http://localhost:3000/","timestamp":"2026-07-12T20:27:11.653Z"}
{"level":"info","message":"❤️  Health: http://localhost:3000/system/health","timestamp":"2026-07-12T20:27:11.654Z"}
{"level":"http","message":"\u001b[0mGET /system/health \u001b[32m200\u001b[0m 9.994 ms - 294\u001b[0m","timestamp":"2026-07-12T20:27:23.799Z"}
{"level":"http","message":"\u001b[0mPOST /auth/login \u001b[32m200\u001b[0m 310.667 ms - 963\u001b[0m","timestamp":"2026-07-12T20:28:12.737Z"}
{"ip":"::1","level":"error","message":"POST /auth/login — Validation failed.","stack":"Error: Validation failed.\n    at C:\\Users\\DAN\\Desktop\\IMS\\src\\middleware\\validate.middleware.js:43:25\n    at Layer.handleRequest (C:\\Users\\DAN\\Desktop\\IMS\\node_modules\\router\\lib\\layer.js:152:17)\n    at next (C:\\Users\\DAN\\Desktop\\IMS\\node_modules\\router\\lib\\route.js:157:13)\n    at C:\\Users\\DAN\\Desktop\\IMS\\node_modules\\express-rate-limit\\dist\\index.cjs:807:7\n    at process.processTicksAndRejections (node:internal/process/task_queues:105:5)\n    at async C:\\Users\\DAN\\Desktop\\IMS\\node_modules\\express-rate-limit\\dist\\index.cjs:691:5","timestamp":"2026-07-12T20:28:53.840Z","userId":"unauthenticated"}
{"level":"http","message":"\u001b[0mPOST /auth/login \u001b[33m400\u001b[0m 9.805 ms - 186\u001b[0m","timestamp":"2026-07-12T20:28:53.842Z"}
{"level":"http","message":"\u001b[0mPOST /auth/login \u001b[32m200\u001b[0m 337.184 ms - 985\u001b[0m","timestamp":"2026-07-12T20:29:05.786Z"}
{"ip":"::1","level":"error","message":"GET /employees — Cannot set property query of #<IncomingMessage> which has only a getter","stack":"TypeError: Cannot set property query of #<IncomingMessage> which has only a getter\n    at C:\\Users\\DAN\\Desktop\\IMS\\src\\middleware\\validate.middleware.js:38:27\n    at Layer.handleRequest (C:\\Users\\DAN\\Desktop\\IMS\\node_modules\\router\\lib\\layer.js:152:17)\n    at next (C:\\Users\\DAN\\Desktop\\IMS\\node_modules\\router\\lib\\route.js:157:13)\n    at Route.dispatch (C:\\Users\\DAN\\Desktop\\IMS\\node_modules\\router\\lib\\route.js:117:3)\n    at handle (C:\\Users\\DAN\\Desktop\\IMS\\node_modules\\router\\index.js:435:11)\n    at Layer.handleRequest (C:\\Users\\DAN\\Desktop\\IMS\\node_modules\\router\\lib\\layer.js:152:17)\n    at C:\\Users\\DAN\\Desktop\\IMS\\node_modules\\router\\index.js:295:15\n    at processParams (C:\\Users\\DAN\\Desktop\\IMS\\node_modules\\router\\index.js:582:12)\n    at next (C:\\Users\\DAN\\Desktop\\IMS\\node_modules\\router\\index.js:291:5)\n    at authenticate (C:\\Users\\DAN\\Desktop\\IMS\\src\\middleware\\auth.middleware.js:46:9)","timestamp":"2026-07-12T20:29:05.863Z","userId":"f9b178cf-bcfd-41ee-84dd-b3be801e3d21"}
{"level":"http","message":"\u001b[0mGET /employees \u001b[31m500\u001b[0m 64.775 ms - 1098\u001b[0m","timestamp":"2026-07-12T20:29:05.866Z"}
{"level":"info","message":"PostgreSQL database connected successfully.","timestamp":"2026-07-12T20:30:18.183Z"}
{"level":"info","message":"🚀 Inventory Management System running on port 3000 [development]","timestamp":"2026-07-12T20:30:18.187Z"}
{"level":"info","message":"📖 API: http://localhost:3000/","timestamp":"2026-07-12T20:30:18.188Z"}
{"level":"info","message":"❤️  Health: http://localhost:3000/system/health","timestamp":"2026-07-12T20:30:18.188Z"}
{"level":"http","message":"\u001b[0mPOST /auth/login \u001b[32m200\u001b[0m 315.613 ms - 985\u001b[0m","timestamp":"2026-07-12T20:30:38.181Z"}
{"level":"http","message":"\u001b[0mGET /employees \u001b[32m200\u001b[0m 167.017 ms - 831\u001b[0m","timestamp":"2026-07-12T20:30:38.359Z"}
{"level":"info","message":"PostgreSQL database connected successfully.","timestamp":"2026-07-12T21:10:23.347Z"}
{"level":"info","message":"⏰ Cron jobs started: lowStock (07:00), expiry (07:30), cleanTokens (03:00)","timestamp":"2026-07-12T21:10:23.416Z"}
{"level":"info","message":"🚀 Inventory Management System running on port 3000 [development]","timestamp":"2026-07-12T21:10:23.491Z"}
{"level":"info","message":"📖 API: http://localhost:3000/","timestamp":"2026-07-12T21:10:23.510Z"}
{"level":"info","message":"❤️  Health: http://localhost:3000/system/health","timestamp":"2026-07-12T21:10:23.518Z"}
{"level":"http","message":"\u001b[0mGET /system/health \u001b[32m200\u001b[0m 38.454 ms - 294\u001b[0m","timestamp":"2026-07-12T21:10:29.143Z"}
{"level":"http","message":"\u001b[0mPOST /auth/login \u001b[32m200\u001b[0m 737.639 ms - 985\u001b[0m","timestamp":"2026-07-12T21:11:03.605Z"}
{"level":"http","message":"\u001b[0mGET / \u001b[32m200\u001b[0m 1.054 ms - 431\u001b[0m","timestamp":"2026-07-12T21:11:04.773Z"}
{"level":"http","message":"\u001b[0mGET /auth/me \u001b[32m200\u001b[0m 19.769 ms - 469\u001b[0m","timestamp":"2026-07-12T21:11:05.018Z"}
{"level":"http","message":"\u001b[0mGET /users \u001b[32m200\u001b[0m 250.368 ms - 944\u001b[0m","timestamp":"2026-07-12T21:11:05.464Z"}
{"level":"http","message":"\u001b[0mGET /employees \u001b[32m200\u001b[0m 20.865 ms - 831\u001b[0m","timestamp":"2026-07-12T21:11:05.688Z"}
{"level":"http","message":"\u001b[0mGET /categories \u001b[32m200\u001b[0m 47.400 ms - 146\u001b[0m","timestamp":"2026-07-12T21:11:05.926Z"}
{"level":"http","message":"\u001b[0mGET /products \u001b[32m200\u001b[0m 17.674 ms - 144\u001b[0m","timestamp":"2026-07-12T21:11:06.083Z"}
{"level":"http","message":"\u001b[0mGET /suppliers \u001b[32m200\u001b[0m 15.745 ms - 145\u001b[0m","timestamp":"2026-07-12T21:11:06.257Z"}
{"level":"http","message":"\u001b[0mGET /stock/movements \u001b[32m200\u001b[0m 13.782 ms - 145\u001b[0m","timestamp":"2026-07-12T21:11:06.432Z"}
{"level":"http","message":"\u001b[0mGET /customers \u001b[32m200\u001b[0m 16.574 ms - 145\u001b[0m","timestamp":"2026-07-12T21:11:06.616Z"}
{"level":"http","message":"\u001b[0mGET /sales \u001b[32m200\u001b[0m 15.889 ms - 141\u001b[0m","timestamp":"2026-07-12T21:11:06.837Z"}
{"level":"http","message":"\u001b[0mGET /notifications \u001b[32m200\u001b[0m 18.362 ms - 165\u001b[0m","timestamp":"2026-07-12T21:11:07.027Z"}
{"level":"http","message":"\u001b[0mGET /settings \u001b[32m200\u001b[0m 10.264 ms - 302\u001b[0m","timestamp":"2026-07-12T21:11:07.252Z"}
{"level":"http","message":"\u001b[0mGET /expenses \u001b[32m200\u001b[0m 11.808 ms - 144\u001b[0m","timestamp":"2026-07-12T21:11:07.478Z"}
{"level":"http","message":"\u001b[0mGET /expenses/categories \u001b[32m200\u001b[0m 10.204 ms - 60\u001b[0m","timestamp":"2026-07-12T21:11:07.662Z"}
{"level":"http","message":"\u001b[0mGET /reports/dashboard \u001b[32m200\u001b[0m 304.578 ms - 2300\u001b[0m","timestamp":"2026-07-12T21:11:08.154Z"}
{"level":"http","message":"\u001b[0mGET /logs/activity \u001b[32m200\u001b[0m 15.430 ms - 2248\u001b[0m","timestamp":"2026-07-12T21:11:08.317Z"}
{"level":"http","message":"\u001b[0mPOST /auth/login \u001b[32m200\u001b[0m 568.618 ms - 985\u001b[0m","timestamp":"2026-07-12T21:11:43.848Z"}
{"level":"http","message":"\u001b[0mPOST /auth/login \u001b[32m200\u001b[0m 502.630 ms - 985\u001b[0m","timestamp":"2026-07-12T21:12:25.209Z"}
{"level":"http","message":"\u001b[0mGET /auth/me \u001b[32m200\u001b[0m 57.632 ms - 469\u001b[0m","timestamp":"2026-07-12T21:12:26.280Z"}
{"level":"http","message":"\u001b[0mGET /users \u001b[32m200\u001b[0m 10.396 ms - 944\u001b[0m","timestamp":"2026-07-12T21:12:26.356Z"}
{"level":"http","message":"\u001b[0mGET /employees \u001b[32m200\u001b[0m 14.897 ms - 831\u001b[0m","timestamp":"2026-07-12T21:12:26.434Z"}
{"level":"http","message":"\u001b[0mGET /categories \u001b[32m200\u001b[0m 14.985 ms - 146\u001b[0m","timestamp":"2026-07-12T21:12:26.528Z"}
{"level":"http","message":"\u001b[0mGET /products \u001b[32m200\u001b[0m 18.422 ms - 144\u001b[0m","timestamp":"2026-07-12T21:12:26.618Z"}
{"level":"http","message":"\u001b[0mGET /products/low-stock \u001b[32m200\u001b[0m 9.823 ms - 68\u001b[0m","timestamp":"2026-07-12T21:12:26.700Z"}
{"level":"http","message":"\u001b[0mGET /products/inventory-value \u001b[32m200\u001b[0m 8.120 ms - 65\u001b[0m","timestamp":"2026-07-12T21:12:26.774Z"}
{"level":"http","message":"\u001b[0mGET /suppliers \u001b[32m200\u001b[0m 11.386 ms - 145\u001b[0m","timestamp":"2026-07-12T21:12:26.836Z"}
{"level":"http","message":"\u001b[0mGET /purchases \u001b[32m200\u001b[0m 12.311 ms - 145\u001b[0m","timestamp":"2026-07-12T21:12:26.900Z"}
{"level":"http","message":"\u001b[0mGET /stock/movements \u001b[32m200\u001b[0m 10.858 ms - 145\u001b[0m","timestamp":"2026-07-12T21:12:26.968Z"}
{"level":"http","message":"\u001b[0mGET /stock/expiring \u001b[32m200\u001b[0m 8.652 ms - 67\u001b[0m","timestamp":"2026-07-12T21:12:27.039Z"}
{"level":"http","message":"\u001b[0mGET /customers \u001b[32m200\u001b[0m 10.536 ms - 145\u001b[0m","timestamp":"2026-07-12T21:12:27.111Z"}
{"level":"http","message":"\u001b[0mGET /sales \u001b[32m200\u001b[0m 11.582 ms - 141\u001b[0m","timestamp":"2026-07-12T21:12:27.184Z"}
{"level":"http","message":"\u001b[0mGET /sales/today \u001b[32m200\u001b[0m 10.268 ms - 121\u001b[0m","timestamp":"2026-07-12T21:12:27.262Z"}
{"level":"http","message":"\u001b[0mGET /expenses/categories \u001b[32m200\u001b[0m 8.934 ms - 60\u001b[0m","timestamp":"2026-07-12T21:12:27.336Z"}
{"level":"http","message":"\u001b[0mGET /expenses \u001b[32m200\u001b[0m 9.888 ms - 144\u001b[0m","timestamp":"2026-07-12T21:12:27.437Z"}
{"level":"http","message":"\u001b[0mGET /notifications \u001b[32m200\u001b[0m 16.542 ms - 165\u001b[0m","timestamp":"2026-07-12T21:12:27.528Z"}
{"level":"http","message":"\u001b[0mGET /settings \u001b[32m200\u001b[0m 9.131 ms - 302\u001b[0m","timestamp":"2026-07-12T21:12:27.591Z"}
{"level":"http","message":"\u001b[0mGET /reports/dashboard \u001b[32m200\u001b[0m 117.881 ms - 3302\u001b[0m","timestamp":"2026-07-12T21:12:27.769Z"}
{"level":"http","message":"\u001b[0mGET /reports/inventory \u001b[32m200\u001b[0m 17.459 ms - 56\u001b[0m","timestamp":"2026-07-12T21:12:27.861Z"}
{"level":"http","message":"\u001b[0mGET /logs/activity \u001b[32m200\u001b[0m 11.212 ms - 3298\u001b[0m","timestamp":"2026-07-12T21:12:27.925Z"}
{"level":"http","message":"\u001b[0mGET /logs/audit \u001b[32m200\u001b[0m 13.143 ms - 3025\u001b[0m","timestamp":"2026-07-12T21:12:28.009Z"}
{"level":"http","message":"\u001b[0mPOST /auth/login \u001b[32m200\u001b[0m 602.513 ms - 985\u001b[0m","timestamp":"2026-07-12T21:14:04.419Z"}
{"level":"http","message":"\u001b[0mPOST /categories \u001b[32m201\u001b[0m 39.931 ms - 294\u001b[0m","timestamp":"2026-07-12T21:14:05.956Z"}
{"level":"http","message":"\u001b[0mPOST /products \u001b[32m201\u001b[0m 57.943 ms - 744\u001b[0m","timestamp":"2026-07-12T21:14:08.034Z"}
{"level":"http","message":"\u001b[0mPOST /suppliers \u001b[32m201\u001b[0m 58.713 ms - 325\u001b[0m","timestamp":"2026-07-12T21:14:09.440Z"}
{"level":"http","message":"\u001b[0mPOST /stock/in \u001b[32m201\u001b[0m 145.401 ms - 402\u001b[0m","timestamp":"2026-07-12T21:14:10.293Z"}
{"level":"http","message":"\u001b[0mGET /products/962e89cb-65a1-459f-80d4-cb9fbc87b9f1 \u001b[32m200\u001b[0m 13.667 ms - 747\u001b[0m","timestamp":"2026-07-12T21:14:10.427Z"}
{"level":"http","message":"\u001b[0mPOST /customers \u001b[32m201\u001b[0m 37.154 ms - 306\u001b[0m","timestamp":"2026-07-12T21:14:10.602Z"}
{"level":"http","message":"\u001b[0mGET /employees \u001b[32m200\u001b[0m 14.481 ms - 831\u001b[0m","timestamp":"2026-07-12T21:14:10.798Z"}
{"level":"http","message":"\u001b[0mPOST /sales \u001b[32m201\u001b[0m 138.983 ms - 1868\u001b[0m","timestamp":"2026-07-12T21:14:11.264Z"}
{"level":"http","message":"\u001b[0mGET /products/962e89cb-65a1-459f-80d4-cb9fbc87b9f1 \u001b[32m200\u001b[0m 24.018 ms - 747\u001b[0m","timestamp":"2026-07-12T21:14:11.599Z"}
{"level":"http","message":"\u001b[0mPOST /purchases \u001b[32m201\u001b[0m 96.699 ms - 1045\u001b[0m","timestamp":"2026-07-12T21:14:12.101Z"}
{"level":"http","message":"\u001b[0mPATCH /purchases/0d0597be-4ca1-412f-a33a-199b743ae36e/receive \u001b[32m200\u001b[0m 72.867 ms - 1061\u001b[0m","timestamp":"2026-07-12T21:14:12.536Z"}
{"level":"http","message":"\u001b[0mGET /products/962e89cb-65a1-459f-80d4-cb9fbc87b9f1 \u001b[32m200\u001b[0m 13.179 ms - 747\u001b[0m","timestamp":"2026-07-12T21:14:12.686Z"}
{"level":"http","message":"\u001b[0mPOST /expenses/categories \u001b[32m201\u001b[0m 36.131 ms - 240\u001b[0m","timestamp":"2026-07-12T21:14:12.946Z"}
{"level":"http","message":"\u001b[0mPOST /expenses \u001b[32m201\u001b[0m 40.538 ms - 577\u001b[0m","timestamp":"2026-07-12T21:14:13.222Z"}
{"level":"http","message":"\u001b[0mGET /reports/dashboard \u001b[32m200\u001b[0m 41.750 ms - 8610\u001b[0m","timestamp":"2026-07-12T21:14:13.628Z"}
{"level":"http","message":"\u001b[0mGET /reports/sales?startDate=2024-01-01&endDate=2030-12-31 \u001b[32m200\u001b[0m 15.493 ms - 178\u001b[0m","timestamp":"2026-07-12T21:14:13.836Z"}
{"level":"http","message":"\u001b[0mGET /reports/profit-loss?startDate=2024-01-01&endDate=2030-12-31 \u001b[32m200\u001b[0m 9.854 ms - 151\u001b[0m","timestamp":"2026-07-12T21:14:14.063Z"}
{"level":"http","message":"\u001b[0mPOST /employees/attendance/check-in \u001b[32m201\u001b[0m 51.390 ms - 825\u001b[0m","timestamp":"2026-07-12T21:14:14.297Z"}
{"level":"http","message":"\u001b[0mPOST /auth/refresh \u001b[32m200\u001b[0m 30.093 ms - 997\u001b[0m","timestamp":"2026-07-12T21:14:14.677Z"}
{"level":"http","message":"\u001b[0mPOST /auth/login \u001b[32m200\u001b[0m 821.627 ms - 985\u001b[0m","timestamp":"2026-07-12T21:14:25.708Z"}
{"level":"http","message":"\u001b[0mPOST /categories \u001b[32m201\u001b[0m 25.822 ms - 278\u001b[0m","timestamp":"2026-07-12T21:14:26.087Z"}
{"level":"http","message":"\u001b[0mPOST /auth/login \u001b[32m200\u001b[0m 847.376 ms - 985\u001b[0m","timestamp":"2026-07-12T21:18:17.364Z"}
{"level":"http","message":"\u001b[0mGET /auth/me \u001b[32m200\u001b[0m 90.145 ms - 469\u001b[0m","timestamp":"2026-07-12T21:18:17.511Z"}
{"level":"http","message":"\u001b[0mGET /users \u001b[32m200\u001b[0m 153.701 ms - 944\u001b[0m","timestamp":"2026-07-12T21:18:17.686Z"}
{"level":"http","message":"\u001b[0mGET /employees \u001b[32m200\u001b[0m 13.003 ms - 831\u001b[0m","timestamp":"2026-07-12T21:18:17.708Z"}
{"level":"http","message":"\u001b[0mPOST /categories \u001b[32m201\u001b[0m 32.701 ms - 293\u001b[0m","timestamp":"2026-07-12T21:18:17.755Z"}
{"level":"http","message":"\u001b[0mGET /categories/ab760096-13cd-4fa4-8967-be3aa8e895fa \u001b[32m200\u001b[0m 11.123 ms - 295\u001b[0m","timestamp":"2026-07-12T21:18:17.781Z"}
{"level":"http","message":"\u001b[0mPOST /products \u001b[32m201\u001b[0m 48.526 ms - 729\u001b[0m","timestamp":"2026-07-12T21:18:17.853Z"}
{"level":"http","message":"\u001b[0mPOST /suppliers \u001b[32m201\u001b[0m 20.438 ms - 306\u001b[0m","timestamp":"2026-07-12T21:18:17.896Z"}
{"level":"http","message":"\u001b[0mPOST /stock/in \u001b[32m201\u001b[0m 42.791 ms - 399\u001b[0m","timestamp":"2026-07-12T21:18:17.963Z"}
{"level":"http","message":"\u001b[0mGET /products/51c58b20-0e2e-4ce4-b71c-f5bc26300860 \u001b[32m200\u001b[0m 17.198 ms - 733\u001b[0m","timestamp":"2026-07-12T21:18:18.000Z"}
{"level":"http","message":"\u001b[0mPOST /customers \u001b[32m201\u001b[0m 22.587 ms - 305\u001b[0m","timestamp":"2026-07-12T21:18:18.045Z"}
{"level":"http","message":"\u001b[0mPOST /sales \u001b[32m201\u001b[0m 80.518 ms - 1845\u001b[0m","timestamp":"2026-07-12T21:18:18.149Z"}
{"level":"http","message":"\u001b[0mGET /products/51c58b20-0e2e-4ce4-b71c-f5bc26300860 \u001b[32m200\u001b[0m 17.392 ms - 732\u001b[0m","timestamp":"2026-07-12T21:18:18.183Z"}
{"level":"http","message":"\u001b[0mGET /sales/today \u001b[32m200\u001b[0m 10.008 ms - 125\u001b[0m","timestamp":"2026-07-12T21:18:18.209Z"}
{"level":"http","message":"\u001b[0mPOST /purchases \u001b[32m201\u001b[0m 52.506 ms - 1023\u001b[0m","timestamp":"2026-07-12T21:18:18.284Z"}
{"level":"http","message":"\u001b[0mPATCH /purchases/43cd69ba-471c-435d-902f-f2ec6e3d8e7a/receive \u001b[32m200\u001b[0m 69.242 ms - 1039\u001b[0m","timestamp":"2026-07-12T21:18:18.370Z"}
{"level":"http","message":"\u001b[0mGET /products/51c58b20-0e2e-4ce4-b71c-f5bc26300860 \u001b[32m200\u001b[0m 17.182 ms - 733\u001b[0m","timestamp":"2026-07-12T21:18:18.403Z"}
{"level":"http","message":"\u001b[0mGET /stock/movements?productId=51c58b20-0e2e-4ce4-b71c-f5bc26300860 \u001b[32m200\u001b[0m 18.038 ms - 1865\u001b[0m","timestamp":"2026-07-12T21:18:18.437Z"}
{"level":"http","message":"\u001b[0mGET /stock/batches/51c58b20-0e2e-4ce4-b71c-f5bc26300860 \u001b[32m200\u001b[0m 25.655 ms - 753\u001b[0m","timestamp":"2026-07-12T21:18:18.478Z"}
{"level":"http","message":"\u001b[0mPOST /expenses/categories \u001b[32m201\u001b[0m 31.756 ms - 216\u001b[0m","timestamp":"2026-07-12T21:18:18.564Z"}
{"level":"http","message":"\u001b[0mPOST /expenses \u001b[32m201\u001b[0m 28.083 ms - 551\u001b[0m","timestamp":"2026-07-12T21:18:18.619Z"}
{"level":"http","message":"\u001b[0mGET /reports/dashboard \u001b[32m200\u001b[0m 260.480 ms - 8897\u001b[0m","timestamp":"2026-07-12T21:18:18.895Z"}
{"level":"http","message":"\u001b[0mGET /reports/sales?startDate=2024-01-01&endDate=2030-12-31 \u001b[32m200\u001b[0m 11.196 ms - 178\u001b[0m","timestamp":"2026-07-12T21:18:18.916Z"}
{"level":"http","message":"\u001b[0mGET /reports/inventory \u001b[32m200\u001b[0m 8.217 ms - 530\u001b[0m","timestamp":"2026-07-12T21:18:18.935Z"}
{"level":"http","message":"\u001b[0mGET /reports/profit-loss?startDate=2024-01-01&endDate=2030-12-31 \u001b[32m200\u001b[0m 9.149 ms - 151\u001b[0m","timestamp":"2026-07-12T21:18:18.956Z"}
{"level":"http","message":"\u001b[0mGET /reports/employees?startDate=2024-01-01&endDate=2030-12-31 \u001b[32m200\u001b[0m 9.987 ms - 206\u001b[0m","timestamp":"2026-07-12T21:18:18.977Z"}
{"level":"http","message":"\u001b[0mGET /settings \u001b[32m200\u001b[0m 7.815 ms - 302\u001b[0m","timestamp":"2026-07-12T21:18:18.996Z"}
{"level":"http","message":"\u001b[0mPATCH /settings/company_name \u001b[32m200\u001b[0m 31.771 ms - 268\u001b[0m","timestamp":"2026-07-12T21:18:19.040Z"}
{"level":"http","message":"\u001b[0mGET /notifications \u001b[32m200\u001b[0m 16.574 ms - 165\u001b[0m","timestamp":"2026-07-12T21:18:19.072Z"}
{"level":"http","message":"\u001b[0mPATCH /notifications/read-all \u001b[32m200\u001b[0m 15.076 ms - 62\u001b[0m","timestamp":"2026-07-12T21:18:19.103Z"}
{"ip":"::1","level":"error","message":"POST /employees/attendance/check-in — Employee has already checked in today.","stack":"Error: Employee has already checked in today.\n    at Object.checkIn (C:\\Users\\DAN\\Desktop\\IMS\\src\\services\\employee.service.js:180:37)\n    at async checkIn (C:\\Users\\DAN\\Desktop\\IMS\\src\\controllers\\employee.controller.js:80:24)","timestamp":"2026-07-12T21:18:19.150Z","userId":"f9b178cf-bcfd-41ee-84dd-b3be801e3d21"}
{"level":"http","message":"\u001b[0mPOST /employees/attendance/check-in \u001b[33m409\u001b[0m 27.625 ms - 68\u001b[0m","timestamp":"2026-07-12T21:18:19.153Z"}
{"level":"http","message":"\u001b[0mGET /employees/attendance/all \u001b[32m200\u001b[0m 13.319 ms - 924\u001b[0m","timestamp":"2026-07-12T21:18:19.181Z"}
{"level":"http","message":"\u001b[0mGET /employees/d8673e6f-d376-41b2-9d70-2f1d3a004b29/attendance/summary?startDate=2024-01-01&endDate=2030-12-31 \u001b[32m200\u001b[0m 18.560 ms - 278\u001b[0m","timestamp":"2026-07-12T21:18:19.215Z"}
{"level":"http","message":"\u001b[0mGET /customers/bf967a4d-330a-43da-b690-b86925ea426b/history \u001b[32m200\u001b[0m 28.721 ms - 1250\u001b[0m","timestamp":"2026-07-12T21:18:19.260Z"}
{"level":"http","message":"\u001b[0mGET /logs/activity \u001b[32m200\u001b[0m 20.157 ms - 10329\u001b[0m","timestamp":"2026-07-12T21:18:19.296Z"}
{"level":"http","message":"\u001b[0mGET /logs/audit \u001b[32m200\u001b[0m 26.208 ms - 4386\u001b[0m","timestamp":"2026-07-12T21:18:19.341Z"}
{"level":"http","message":"\u001b[0mPOST /auth/refresh \u001b[33m429\u001b[0m 1.798 ms - 85\u001b[0m","timestamp":"2026-07-12T21:18:19.370Z"}
{"level":"http","message":"\u001b[0mPOST /auth/login \u001b[33m429\u001b[0m 1.055 ms - 85\u001b[0m","timestamp":"2026-07-12T21:18:19.393Z"}
{"level":"http","message":"\u001b[0mPOST /auth/login \u001b[33m429\u001b[0m 0.984 ms - 85\u001b[0m","timestamp":"2026-07-12T21:18:19.415Z"}
{"level":"http","message":"\u001b[0mPOST /auth/login \u001b[33m429\u001b[0m 1.046 ms - 85\u001b[0m","timestamp":"2026-07-12T21:19:25.102Z"}
{"level":"http","message":"\u001b[0mPOST /auth/login \u001b[33m429\u001b[0m 0.979 ms - 85\u001b[0m","timestamp":"2026-07-12T21:20:10.459Z"}
{"level":"http","message":"\u001b[0mPOST /auth/login \u001b[33m429\u001b[0m 1.238 ms - 85\u001b[0m","timestamp":"2026-07-12T21:20:29.370Z"}
{"level":"http","message":"\u001b[0mPOST /auth/login \u001b[33m429\u001b[0m 0.876 ms - 85\u001b[0m","timestamp":"2026-07-12T21:22:01.527Z"}
{"level":"http","message":"\u001b[0mPOST /auth/login \u001b[33m429\u001b[0m 1.787 ms - 85\u001b[0m","timestamp":"2026-07-12T21:23:18.226Z"}
{"level":"info","message":"PostgreSQL database connected successfully.","timestamp":"2026-07-12T21:24:44.678Z"}
{"level":"info","message":"⏰ Cron jobs started: lowStock (07:00), expiry (07:30), cleanTokens (03:00)","timestamp":"2026-07-12T21:24:44.684Z"}
{"level":"info","message":"🚀 Inventory Management System running on port 3000 [development]","timestamp":"2026-07-12T21:24:44.687Z"}
{"level":"info","message":"📖 API: http://localhost:3000/","timestamp":"2026-07-12T21:24:44.689Z"}
{"level":"info","message":"❤️  Health: http://localhost:3000/system/health","timestamp":"2026-07-12T21:24:44.690Z"}
{"level":"http","message":"\u001b[0mPOST /auth/login \u001b[32m200\u001b[0m 683.814 ms - 985\u001b[0m","timestamp":"2026-07-12T21:25:40.250Z"}
{"level":"http","message":"\u001b[0mPOST /auth/login \u001b[32m200\u001b[0m 649.872 ms - 985\u001b[0m","timestamp":"2026-07-12T21:27:03.232Z"}
{"level":"http","message":"\u001b[0mGET /auth/me \u001b[32m200\u001b[0m 16.224 ms - 469\u001b[0m","timestamp":"2026-07-12T21:27:03.274Z"}
{"level":"http","message":"\u001b[0mGET /users \u001b[32m200\u001b[0m 129.229 ms - 944\u001b[0m","timestamp":"2026-07-12T21:27:03.421Z"}
{"level":"http","message":"\u001b[0mGET /employees \u001b[32m200\u001b[0m 22.351 ms - 831\u001b[0m","timestamp":"2026-07-12T21:27:03.459Z"}
{"ip":"::1","level":"error","message":"POST /categories — A category with this name already exists.","stack":"Error: A category with this name already exists.\n    at Object.createCategory (C:\\Users\\DAN\\Desktop\\IMS\\src\\services\\category.service.js:30:25)\n    at async create (C:\\Users\\DAN\\Desktop\\IMS\\src\\controllers\\category.controller.js:9:91)","timestamp":"2026-07-12T21:27:03.496Z","userId":"f9b178cf-bcfd-41ee-84dd-b3be801e3d21"}
{"level":"http","message":"\u001b[0mPOST /categories \u001b[33m409\u001b[0m 16.450 ms - 71\u001b[0m","timestamp":"2026-07-12T21:27:03.499Z"}
{"level":"http","message":"\u001b[0mPOST /auth/login \u001b[32m200\u001b[0m 727.748 ms - 985\u001b[0m","timestamp":"2026-07-12T21:28:37.302Z"}
{"level":"http","message":"\u001b[0mGET /auth/me \u001b[32m200\u001b[0m 9.153 ms - 469\u001b[0m","timestamp":"2026-07-12T21:28:37.338Z"}
{"level":"http","message":"\u001b[0mGET /users \u001b[32m200\u001b[0m 11.615 ms - 944\u001b[0m","timestamp":"2026-07-12T21:28:37.362Z"}
{"level":"http","message":"\u001b[0mGET /employees \u001b[32m200\u001b[0m 10.313 ms - 831\u001b[0m","timestamp":"2026-07-12T21:28:37.387Z"}
{"level":"http","message":"\u001b[0mPOST /categories \u001b[32m201\u001b[0m 39.526 ms - 302\u001b[0m","timestamp":"2026-07-12T21:28:37.445Z"}
{"level":"http","message":"\u001b[0mGET /categories/a47477ad-41b2-49df-bd53-469615ac9b42 \u001b[32m200\u001b[0m 11.977 ms - 304\u001b[0m","timestamp":"2026-07-12T21:28:37.470Z"}
{"level":"http","message":"\u001b[0mPOST /products \u001b[32m201\u001b[0m 45.281 ms - 747\u001b[0m","timestamp":"2026-07-12T21:28:37.533Z"}
{"level":"http","message":"\u001b[0mPOST /suppliers \u001b[32m201\u001b[0m 19.351 ms - 320\u001b[0m","timestamp":"2026-07-12T21:28:37.572Z"}
{"level":"http","message":"\u001b[0mPOST /stock/in \u001b[32m201\u001b[0m 41.919 ms - 409\u001b[0m","timestamp":"2026-07-12T21:28:37.633Z"}
{"level":"http","message":"\u001b[0mGET /products/59857cef-d28f-4a52-98de-2c14d1b33dc6 \u001b[32m200\u001b[0m 15.681 ms - 751\u001b[0m","timestamp":"2026-07-12T21:28:37.663Z"}
{"level":"http","message":"\u001b[0mPOST /customers \u001b[32m201\u001b[0m 18.872 ms - 319\u001b[0m","timestamp":"2026-07-12T21:28:37.699Z"}
{"level":"http","message":"\u001b[0mPOST /sales \u001b[32m201\u001b[0m 69.775 ms - 1868\u001b[0m","timestamp":"2026-07-12T21:28:37.788Z"}
{"level":"http","message":"\u001b[0mGET /products/59857cef-d28f-4a52-98de-2c14d1b33dc6 \u001b[32m200\u001b[0m 14.873 ms - 750\u001b[0m","timestamp":"2026-07-12T21:28:37.816Z"}
{"level":"http","message":"\u001b[0mGET /sales/today \u001b[32m200\u001b[0m 9.459 ms - 125\u001b[0m","timestamp":"2026-07-12T21:28:37.839Z"}
{"level":"http","message":"\u001b[0mPOST /purchases \u001b[32m201\u001b[0m 43.788 ms - 1046\u001b[0m","timestamp":"2026-07-12T21:28:37.901Z"}
{"level":"http","message":"\u001b[0mPATCH /purchases/f6878691-baf0-4960-aaf0-903b394d551e/receive \u001b[32m200\u001b[0m 59.633 ms - 1062\u001b[0m","timestamp":"2026-07-12T21:28:37.975Z"}
{"level":"http","message":"\u001b[0mGET /products/59857cef-d28f-4a52-98de-2c14d1b33dc6 \u001b[32m200\u001b[0m 14.771 ms - 751\u001b[0m","timestamp":"2026-07-12T21:28:38.003Z"}
{"level":"http","message":"\u001b[0mGET /stock/movements?productId=59857cef-d28f-4a52-98de-2c14d1b33dc6 \u001b[32m200\u001b[0m 20.110 ms - 1922\u001b[0m","timestamp":"2026-07-12T21:28:38.037Z"}
{"level":"http","message":"\u001b[0mGET /stock/batches/59857cef-d28f-4a52-98de-2c14d1b33dc6 \u001b[32m200\u001b[0m 27.328 ms - 763\u001b[0m","timestamp":"2026-07-12T21:28:38.080Z"}
{"level":"http","message":"\u001b[0mPOST /expenses/categories \u001b[32m201\u001b[0m 30.615 ms - 230\u001b[0m","timestamp":"2026-07-12T21:28:38.131Z"}
{"level":"http","message":"\u001b[0mPOST /expenses \u001b[32m201\u001b[0m 28.596 ms - 565\u001b[0m","timestamp":"2026-07-12T21:28:38.183Z"}
{"level":"http","message":"\u001b[0mGET /reports/dashboard \u001b[32m200\u001b[0m 247.199 ms - 9643\u001b[0m","timestamp":"2026-07-12T21:28:38.445Z"}
{"level":"http","message":"\u001b[0mGET /reports/sales?startDate=2024-01-01&endDate=2030-12-31 \u001b[32m200\u001b[0m 15.708 ms - 178\u001b[0m","timestamp":"2026-07-12T21:28:38.471Z"}
{"level":"http","message":"\u001b[0mGET /reports/inventory \u001b[32m200\u001b[0m 13.566 ms - 784\u001b[0m","timestamp":"2026-07-12T21:28:38.496Z"}
{"level":"http","message":"\u001b[0mGET /reports/profit-loss?startDate=2024-01-01&endDate=2030-12-31 \u001b[32m200\u001b[0m 11.912 ms - 152\u001b[0m","timestamp":"2026-07-12T21:28:38.518Z"}
{"level":"http","message":"\u001b[0mGET /reports/employees?startDate=2024-01-01&endDate=2030-12-31 \u001b[32m200\u001b[0m 10.515 ms - 206\u001b[0m","timestamp":"2026-07-12T21:28:38.543Z"}
{"level":"http","message":"\u001b[0mGET /settings \u001b[32m200\u001b[0m 11.193 ms - 306\u001b[0m","timestamp":"2026-07-12T21:28:38.566Z"}
{"level":"http","message":"\u001b[0mPATCH /settings/company_name \u001b[32m200\u001b[0m 27.645 ms - 268\u001b[0m","timestamp":"2026-07-12T21:28:38.607Z"}
{"level":"http","message":"\u001b[0mGET /notifications \u001b[32m200\u001b[0m 15.098 ms - 165\u001b[0m","timestamp":"2026-07-12T21:28:38.636Z"}
{"level":"http","message":"\u001b[0mPATCH /notifications/read-all \u001b[32m200\u001b[0m 9.194 ms - 62\u001b[0m","timestamp":"2026-07-12T21:28:38.659Z"}
{"ip":"::1","level":"error","message":"POST /employees/attendance/check-in — Employee has already checked in today.","stack":"Error: Employee has already checked in today.\n    at Object.checkIn (C:\\Users\\DAN\\Desktop\\IMS\\src\\services\\employee.service.js:180:37)\n    at async checkIn (C:\\Users\\DAN\\Desktop\\IMS\\src\\controllers\\employee.controller.js:80:24)","timestamp":"2026-07-12T21:28:38.697Z","userId":"f9b178cf-bcfd-41ee-84dd-b3be801e3d21"}
{"level":"http","message":"\u001b[0mPOST /employees/attendance/check-in \u001b[33m409\u001b[0m 22.211 ms - 68\u001b[0m","timestamp":"2026-07-12T21:28:38.698Z"}
{"level":"http","message":"\u001b[0mGET /employees/attendance/all \u001b[32m200\u001b[0m 10.586 ms - 924\u001b[0m","timestamp":"2026-07-12T21:28:38.722Z"}
{"level":"http","message":"\u001b[0mGET /employees/d8673e6f-d376-41b2-9d70-2f1d3a004b29/attendance/summary?startDate=2024-01-01&endDate=2030-12-31 \u001b[32m200\u001b[0m 15.062 ms - 278\u001b[0m","timestamp":"2026-07-12T21:28:38.751Z"}
{"level":"http","message":"\u001b[0mGET /customers/e02c8f33-9eb1-411c-bd82-9441d582e440/history \u001b[32m200\u001b[0m 18.990 ms - 1273\u001b[0m","timestamp":"2026-07-12T21:28:38.783Z"}
{"level":"http","message":"\u001b[0mGET /logs/activity \u001b[32m200\u001b[0m 15.950 ms - 10339\u001b[0m","timestamp":"2026-07-12T21:28:38.812Z"}
{"level":"http","message":"\u001b[0mGET /logs/audit \u001b[32m200\u001b[0m 15.893 ms - 5590\u001b[0m","timestamp":"2026-07-12T21:28:38.844Z"}
{"level":"http","message":"\u001b[0mPOST /auth/refresh \u001b[32m200\u001b[0m 27.678 ms - 997\u001b[0m","timestamp":"2026-07-12T21:28:38.918Z"}
{"ip":"::1","level":"error","message":"POST /auth/login — Validation failed.","stack":"Error: Validation failed.\n    at C:\\Users\\DAN\\Desktop\\IMS\\src\\middleware\\validate.middleware.js:46:25\n    at Layer.handleRequest (C:\\Users\\DAN\\Desktop\\IMS\\node_modules\\router\\lib\\layer.js:152:17)\n    at next (C:\\Users\\DAN\\Desktop\\IMS\\node_modules\\router\\lib\\route.js:157:13)\n    at C:\\Users\\DAN\\Desktop\\IMS\\node_modules\\express-rate-limit\\dist\\index.cjs:706:9\n    at process.processTicksAndRejections (node:internal/process/task_queues:105:5)\n    at async C:\\Users\\DAN\\Desktop\\IMS\\node_modules\\express-rate-limit\\dist\\index.cjs:691:5","timestamp":"2026-07-12T21:28:38.939Z","userId":"unauthenticated"}
{"level":"http","message":"\u001b[0mPOST /auth/login \u001b[33m400\u001b[0m 5.481 ms - 186\u001b[0m","timestamp":"2026-07-12T21:28:38.942Z"}
{"level":"http","message":"\u001b[0mPOST /auth/login \u001b[32m200\u001b[0m 707.916 ms - 956\u001b[0m","timestamp":"2026-07-12T21:28:39.667Z"}
{"ip":"::1","level":"error","message":"GET /users — Access denied. Required role: ADMIN. Your role: STORE.","stack":"Error: Access denied. Required role: ADMIN. Your role: STORE.\n    at C:\\Users\\DAN\\Desktop\\IMS\\src\\middleware\\role.middleware.js:19:17\n    at Layer.handleRequest (C:\\Users\\DAN\\Desktop\\IMS\\node_modules\\router\\lib\\layer.js:152:17)\n    at trimPrefix (C:\\Users\\DAN\\Desktop\\IMS\\node_modules\\router\\index.js:342:13)\n    at C:\\Users\\DAN\\Desktop\\IMS\\node_modules\\router\\index.js:297:9\n    at processParams (C:\\Users\\DAN\\Desktop\\IMS\\node_modules\\router\\index.js:582:12)\n    at next (C:\\Users\\DAN\\Desktop\\IMS\\node_modules\\router\\index.js:291:5)\n    at authenticate (C:\\Users\\DAN\\Desktop\\IMS\\src\\middleware\\auth.middleware.js:46:9)","timestamp":"2026-07-12T21:28:39.686Z","userId":"7008db70-7376-4f2d-8278-d0a366ee872c"}
{"level":"http","message":"\u001b[0mGET /users \u001b[33m403\u001b[0m 7.167 ms - 84\u001b[0m","timestamp":"2026-07-12T21:28:39.687Z"}
{"ip":"::1","level":"error","message":"GET /products — Authentication required. Please provide a Bearer token.","stack":"Error: Authentication required. Please provide a Bearer token.\n    at authenticate (C:\\Users\\DAN\\Desktop\\IMS\\src\\middleware\\auth.middleware.js:17:25)\n    at Layer.handleRequest (C:\\Users\\DAN\\Desktop\\IMS\\node_modules\\router\\lib\\layer.js:152:17)\n    at trimPrefix (C:\\Users\\DAN\\Desktop\\IMS\\node_modules\\router\\index.js:342:13)\n    at C:\\Users\\DAN\\Desktop\\IMS\\node_modules\\router\\index.js:297:9\n    at processParams (C:\\Users\\DAN\\Desktop\\IMS\\node_modules\\router\\index.js:582:12)\n    at next (C:\\Users\\DAN\\Desktop\\IMS\\node_modules\\router\\index.js:291:5)\n    at Function.handle (C:\\Users\\DAN\\Desktop\\IMS\\node_modules\\router\\index.js:186:3)\n    at router (C:\\Users\\DAN\\Desktop\\IMS\\node_modules\\router\\index.js:60:12)\n    at Layer.handleRequest (C:\\Users\\DAN\\Desktop\\IMS\\node_modules\\router\\lib\\layer.js:152:17)\n    at trimPrefix (C:\\Users\\DAN\\Desktop\\IMS\\node_modules\\router\\index.js:342:13)","timestamp":"2026-07-12T21:28:39.703Z","userId":"unauthenticated"}
{"level":"http","message":"\u001b[0mGET /products \u001b[33m401\u001b[0m 2.253 ms - 85\u001b[0m","timestamp":"2026-07-12T21:28:39.706Z"}
{"level":"info","message":"PostgreSQL database connected successfully.","timestamp":"2026-07-12T21:30:15.614Z"}
{"level":"info","message":"⏰ Cron jobs started: lowStock (07:00), expiry (07:30), cleanTokens (03:00)","timestamp":"2026-07-12T21:30:15.624Z"}
{"level":"info","message":"🚀 Inventory Management System running on port 3000 [development]","timestamp":"2026-07-12T21:30:15.627Z"}
{"level":"info","message":"📖 API: http://localhost:3000/","timestamp":"2026-07-12T21:30:15.630Z"}
{"level":"info","message":"❤️  Health: http://localhost:3000/system/health","timestamp":"2026-07-12T21:30:15.633Z"}
{"level":"http","message":"\u001b[0mPOST /auth/login \u001b[32m200\u001b[0m 942.851 ms - 985\u001b[0m","timestamp":"2026-07-12T21:30:33.982Z"}
{"level":"http","message":"\u001b[0mGET /auth/me \u001b[32m200\u001b[0m 25.043 ms - 469\u001b[0m","timestamp":"2026-07-12T21:30:34.034Z"}
{"level":"http","message":"\u001b[0mGET /users \u001b[32m200\u001b[0m 165.373 ms - 966\u001b[0m","timestamp":"2026-07-12T21:30:34.221Z"}
{"level":"http","message":"\u001b[0mGET /employees \u001b[32m200\u001b[0m 19.833 ms - 831\u001b[0m","timestamp":"2026-07-12T21:30:34.256Z"}
{"level":"http","message":"\u001b[0mPOST /categories \u001b[32m201\u001b[0m 32.447 ms - 302\u001b[0m","timestamp":"2026-07-12T21:30:34.312Z"}
{"level":"http","message":"\u001b[0mGET /categories/740f29f2-4cb9-4478-a41d-d4e0788cdb86 \u001b[32m200\u001b[0m 13.382 ms - 304\u001b[0m","timestamp":"2026-07-12T21:30:34.341Z"}
{"level":"http","message":"\u001b[0mPOST /products \u001b[32m201\u001b[0m 52.123 ms - 747\u001b[0m","timestamp":"2026-07-12T21:30:34.415Z"}
{"level":"http","message":"\u001b[0mPOST /suppliers \u001b[32m201\u001b[0m 24.899 ms - 320\u001b[0m","timestamp":"2026-07-12T21:30:34.463Z"}
{"level":"http","message":"\u001b[0mPOST /stock/in \u001b[32m201\u001b[0m 46.965 ms - 409\u001b[0m","timestamp":"2026-07-12T21:30:34.533Z"}
{"level":"http","message":"\u001b[0mGET /products/20ad58bd-8a5f-468c-ae03-9a32670d4e37 \u001b[32m200\u001b[0m 20.818 ms - 751\u001b[0m","timestamp":"2026-07-12T21:30:34.572Z"}
{"level":"http","message":"\u001b[0mPOST /customers \u001b[32m201\u001b[0m 23.890 ms - 319\u001b[0m","timestamp":"2026-07-12T21:30:34.616Z"}
{"level":"http","message":"\u001b[0mPOST /sales \u001b[32m201\u001b[0m 77.298 ms - 1868\u001b[0m","timestamp":"2026-07-12T21:30:34.716Z"}
{"level":"http","message":"\u001b[0mGET /products/20ad58bd-8a5f-468c-ae03-9a32670d4e37 \u001b[32m200\u001b[0m 14.773 ms - 750\u001b[0m","timestamp":"2026-07-12T21:30:34.746Z"}
{"level":"http","message":"\u001b[0mGET /sales/today \u001b[32m200\u001b[0m 9.678 ms - 125\u001b[0m","timestamp":"2026-07-12T21:30:34.771Z"}
{"level":"http","message":"\u001b[0mPOST /purchases \u001b[32m201\u001b[0m 166.968 ms - 1046\u001b[0m","timestamp":"2026-07-12T21:30:34.959Z"}
{"level":"http","message":"\u001b[0mPATCH /purchases/01ad4944-f833-4b58-a803-1f6c0b46a2db/receive \u001b[32m200\u001b[0m 47.496 ms - 1198\u001b[0m","timestamp":"2026-07-12T21:30:35.018Z"}
{"level":"http","message":"\u001b[0mGET /products/20ad58bd-8a5f-468c-ae03-9a32670d4e37 \u001b[32m200\u001b[0m 12.306 ms - 751\u001b[0m","timestamp":"2026-07-12T21:30:35.044Z"}
{"level":"http","message":"\u001b[0mGET /stock/movements?productId=20ad58bd-8a5f-468c-ae03-9a32670d4e37 \u001b[32m200\u001b[0m 19.616 ms - 1922\u001b[0m","timestamp":"2026-07-12T21:30:35.076Z"}
{"level":"http","message":"\u001b[0mGET /stock/batches/20ad58bd-8a5f-468c-ae03-9a32670d4e37 \u001b[32m200\u001b[0m 20.668 ms - 763\u001b[0m","timestamp":"2026-07-12T21:30:35.109Z"}
{"level":"http","message":"\u001b[0mPOST /expenses/categories \u001b[32m201\u001b[0m 27.327 ms - 230\u001b[0m","timestamp":"2026-07-12T21:30:35.154Z"}
{"level":"http","message":"\u001b[0mPOST /expenses \u001b[32m201\u001b[0m 25.893 ms - 565\u001b[0m","timestamp":"2026-07-12T21:30:35.202Z"}
{"level":"http","message":"\u001b[0mGET /reports/dashboard \u001b[32m200\u001b[0m 234.907 ms - 10541\u001b[0m","timestamp":"2026-07-12T21:30:35.450Z"}
{"level":"http","message":"\u001b[0mGET /reports/sales?startDate=2024-01-01&endDate=2030-12-31 \u001b[32m200\u001b[0m 12.678 ms - 178\u001b[0m","timestamp":"2026-07-12T21:30:35.473Z"}
{"level":"http","message":"\u001b[0mGET /reports/inventory \u001b[32m200\u001b[0m 15.477 ms - 1038\u001b[0m","timestamp":"2026-07-12T21:30:35.500Z"}
{"level":"http","message":"\u001b[0mGET /reports/profit-loss?startDate=2024-01-01&endDate=2030-12-31 \u001b[32m200\u001b[0m 10.192 ms - 152\u001b[0m","timestamp":"2026-07-12T21:30:35.522Z"}
{"level":"http","message":"\u001b[0mGET /reports/employees?startDate=2024-01-01&endDate=2030-12-31 \u001b[32m200\u001b[0m 10.171 ms - 206\u001b[0m","timestamp":"2026-07-12T21:30:35.545Z"}
{"level":"http","message":"\u001b[0mGET /settings \u001b[32m200\u001b[0m 13.534 ms - 306\u001b[0m","timestamp":"2026-07-12T21:30:35.597Z"}
{"level":"http","message":"\u001b[0mPATCH /settings/company_name \u001b[32m200\u001b[0m 29.191 ms - 268\u001b[0m","timestamp":"2026-07-12T21:30:35.642Z"}
{"level":"http","message":"\u001b[0mGET /notifications \u001b[32m200\u001b[0m 14.585 ms - 165\u001b[0m","timestamp":"2026-07-12T21:30:35.668Z"}
{"level":"http","message":"\u001b[0mPATCH /notifications/read-all \u001b[32m200\u001b[0m 8.478 ms - 62\u001b[0m","timestamp":"2026-07-12T21:30:35.688Z"}
{"ip":"::1","level":"error","message":"POST /employees/attendance/check-in — Employee has already checked in today.","stack":"Error: Employee has already checked in today.\n    at Object.checkIn (C:\\Users\\DAN\\Desktop\\IMS\\src\\services\\employee.service.js:180:37)\n    at async checkIn (C:\\Users\\DAN\\Desktop\\IMS\\src\\controllers\\employee.controller.js:80:24)","timestamp":"2026-07-12T21:30:35.727Z","userId":"f9b178cf-bcfd-41ee-84dd-b3be801e3d21"}
{"level":"http","message":"\u001b[0mPOST /employees/attendance/check-in \u001b[33m409\u001b[0m 23.245 ms - 68\u001b[0m","timestamp":"2026-07-12T21:30:35.730Z"}
{"level":"http","message":"\u001b[0mGET /employees/attendance/all \u001b[32m200\u001b[0m 15.560 ms - 924\u001b[0m","timestamp":"2026-07-12T21:30:35.758Z"}
{"level":"http","message":"\u001b[0mGET /employees/d8673e6f-d376-41b2-9d70-2f1d3a004b29/attendance/summary?startDate=2024-01-01&endDate=2030-12-31 \u001b[32m200\u001b[0m 20.594 ms - 278\u001b[0m","timestamp":"2026-07-12T21:30:35.792Z"}
{"level":"http","message":"\u001b[0mGET /customers/18ffa3eb-bbc7-4de4-ae8a-fc5fe1417ecc/history \u001b[32m200\u001b[0m 19.204 ms - 1273\u001b[0m","timestamp":"2026-07-12T21:30:35.824Z"}
{"level":"http","message":"\u001b[0mGET /logs/activity \u001b[32m200\u001b[0m 13.653 ms - 10466\u001b[0m","timestamp":"2026-07-12T21:30:35.851Z"}
{"level":"http","message":"\u001b[0mGET /logs/audit \u001b[32m200\u001b[0m 12.862 ms - 6385\u001b[0m","timestamp":"2026-07-12T21:30:35.878Z"}
{"level":"http","message":"\u001b[0mPOST /auth/refresh \u001b[32m200\u001b[0m 36.360 ms - 997\u001b[0m","timestamp":"2026-07-12T21:30:35.934Z"}
{"ip":"::1","level":"error","message":"POST /auth/login — Validation failed.","stack":"Error: Validation failed.\n    at C:\\Users\\DAN\\Desktop\\IMS\\src\\middleware\\validate.middleware.js:46:25\n    at Layer.handleRequest (C:\\Users\\DAN\\Desktop\\IMS\\node_modules\\router\\lib\\layer.js:152:17)\n    at next (C:\\Users\\DAN\\Desktop\\IMS\\node_modules\\router\\lib\\route.js:157:13)\n    at C:\\Users\\DAN\\Desktop\\IMS\\node_modules\\express-rate-limit\\dist\\index.cjs:706:9\n    at process.processTicksAndRejections (node:internal/process/task_queues:105:5)\n    at async C:\\Users\\DAN\\Desktop\\IMS\\node_modules\\express-rate-limit\\dist\\index.cjs:691:5","timestamp":"2026-07-12T21:30:35.957Z","userId":"unauthenticated"}
{"level":"http","message":"\u001b[0mPOST /auth/login \u001b[33m400\u001b[0m 6.224 ms - 186\u001b[0m","timestamp":"2026-07-12T21:30:35.959Z"}
{"level":"http","message":"\u001b[0mPOST /auth/login \u001b[32m200\u001b[0m 807.608 ms - 978\u001b[0m","timestamp":"2026-07-12T21:30:36.788Z"}
{"ip":"::1","level":"error","message":"GET /users — Access denied. Required role: ADMIN. Your role: STORE.","stack":"Error: Access denied. Required role: ADMIN. Your role: STORE.\n    at C:\\Users\\DAN\\Desktop\\IMS\\src\\middleware\\role.middleware.js:19:17\n    at Layer.handleRequest (C:\\Users\\DAN\\Desktop\\IMS\\node_modules\\router\\lib\\layer.js:152:17)\n    at trimPrefix (C:\\Users\\DAN\\Desktop\\IMS\\node_modules\\router\\index.js:342:13)\n    at C:\\Users\\DAN\\Desktop\\IMS\\node_modules\\router\\index.js:297:9\n    at processParams (C:\\Users\\DAN\\Desktop\\IMS\\node_modules\\router\\index.js:582:12)\n    at next (C:\\Users\\DAN\\Desktop\\IMS\\node_modules\\router\\index.js:291:5)\n    at authenticate (C:\\Users\\DAN\\Desktop\\IMS\\src\\middleware\\auth.middleware.js:46:9)","timestamp":"2026-07-12T21:30:36.805Z","userId":"7008db70-7376-4f2d-8278-d0a366ee872c"}
{"level":"http","message":"\u001b[0mGET /users \u001b[33m403\u001b[0m 7.346 ms - 84\u001b[0m","timestamp":"2026-07-12T21:30:36.809Z"}
{"ip":"::1","level":"error","message":"GET /products — Authentication required. Please provide a Bearer token.","stack":"Error: Authentication required. Please provide a Bearer token.\n    at authenticate (C:\\Users\\DAN\\Desktop\\IMS\\src\\middleware\\auth.middleware.js:17:25)\n    at Layer.handleRequest (C:\\Users\\DAN\\Desktop\\IMS\\node_modules\\router\\lib\\layer.js:152:17)\n    at trimPrefix (C:\\Users\\DAN\\Desktop\\IMS\\node_modules\\router\\index.js:342:13)\n    at C:\\Users\\DAN\\Desktop\\IMS\\node_modules\\router\\index.js:297:9\n    at processParams (C:\\Users\\DAN\\Desktop\\IMS\\node_modules\\router\\index.js:582:12)\n    at next (C:\\Users\\DAN\\Desktop\\IMS\\node_modules\\router\\index.js:291:5)\n    at Function.handle (C:\\Users\\DAN\\Desktop\\IMS\\node_modules\\router\\index.js:186:3)\n    at router (C:\\Users\\DAN\\Desktop\\IMS\\node_modules\\router\\index.js:60:12)\n    at Layer.handleRequest (C:\\Users\\DAN\\Desktop\\IMS\\node_modules\\router\\lib\\layer.js:152:17)\n    at trimPrefix (C:\\Users\\DAN\\Desktop\\IMS\\node_modules\\router\\index.js:342:13)","timestamp":"2026-07-12T21:30:36.822Z","userId":"unauthenticated"}
{"level":"http","message":"\u001b[0mGET /products \u001b[33m401\u001b[0m 2.253 ms - 85\u001b[0m","timestamp":"2026-07-12T21:30:36.824Z"}
